This is pdfTeX, Version 3.14159-1.10b (Web2C 7.4.5) (format=pdflatex 2005.4.3)  3 APR 2005 20:22
**refman.tex
(./refman.tex{/usr/share/texmf/pdftex/config/pdftex.cfg}
LaTeX2e <2001/06/01>
Babel <v3.7h> and hyphenation patterns for american, french, german, ngerman, n
ohyphenation, loaded.
(/usr/share/texmf/tex/latex/base/book.cls
Document Class: book 2001/04/21 v1.4e Standard LaTeX document class
(/usr/share/texmf/tex/latex/base/bk10.clo
File: bk10.clo 2001/04/21 v1.4e Standard LaTeX file (size option)
)
\c@part=\count79
\c@chapter=\count80
\c@section=\count81
\c@subsection=\count82
\c@subsubsection=\count83
\c@paragraph=\count84
\c@subparagraph=\count85
\c@figure=\count86
\c@table=\count87
\abovecaptionskip=\skip41
\belowcaptionskip=\skip42
\bibindent=\dimen102
)
(/usr/share/texmf/tex/latex/misc/a4wide.sty
Package: a4wide 1994/08/30

(/usr/share/texmf/tex/latex/ntgclass/a4.sty
Package: a4 1999/03/03 v1.2f A4 based page layout
))
(/usr/share/texmf/tex/latex/base/makeidx.sty
Package: makeidx 2000/03/29 v1.0m Standard LaTeX package
)
(/usr/share/texmf/tex/latex/fancyhdr/fancyhdr.sty
\headwidth=\dimen103
)
(/usr/share/texmf/tex/latex/graphics/graphicx.sty
Package: graphicx 1999/02/16 v1.0f Enhanced LaTeX Graphics (DPC,SPQR)

(/usr/share/texmf/tex/latex/graphics/keyval.sty
Package: keyval 1999/03/16 v1.13 key=value parser (DPC)
\KV@toks@=\toks14
)
(/usr/share/texmf/tex/latex/graphics/graphics.sty
Package: graphics 2001/07/07 v1.0n Standard LaTeX Graphics (DPC,SPQR)

(/usr/share/texmf/tex/latex/graphics/trig.sty
Package: trig 1999/03/16 v1.09 sin cos tan (DPC)
)
(/usr/share/texmf/tex/latex/config/graphics.cfg
File: graphics.cfg 2001/08/31 v1.1 graphics configuration of teTeX/TeXLive
)
Package graphics Info: Driver file: pdftex.def on input line 80.

(/usr/share/texmf/tex/latex/graphics/pdftex.def
File: pdftex.def 2002/06/19 v0.03k graphics/color for pdftex
\Gread@gobject=\count88
))
\Gin@req@height=\dimen104
\Gin@req@width=\dimen105
)
(/usr/share/texmf/tex/latex/tools/multicol.sty
Package: multicol 2000/07/10 v1.5z multicolumn formatting (FMi)
\c@tracingmulticols=\count89
\mult@box=\box26
\multicol@leftmargin=\dimen106
\c@unbalance=\count90
\c@collectmore=\count91
\doublecol@number=\count92
\multicoltolerance=\count93
\multicolpretolerance=\count94
\full@width=\dimen107
\page@free=\dimen108
\premulticols=\dimen109
\postmulticols=\dimen110
\multicolsep=\skip43
\multicolbaselineskip=\skip44
\partial@page=\box27
\last@line=\box28
\mult@rightbox=\box29
\mult@grightbox=\box30
\mult@gfirstbox=\box31
\mult@firstbox=\box32
\@tempa=\box33
\@tempa=\box34
\@tempa=\box35
\@tempa=\box36
\@tempa=\box37
\@tempa=\box38
\@tempa=\box39
\@tempa=\box40
\@tempa=\box41
\@tempa=\box42
\@tempa=\box43
\@tempa=\box44
\@tempa=\box45
\@tempa=\box46
\@tempa=\box47
\@tempa=\box48
\@tempa=\box49
\c@columnbadness=\count95
\c@finalcolumnbadness=\count96
\last@try=\dimen111
\multicolovershoot=\dimen112
\multicolundershoot=\dimen113
\mult@nat@firstbox=\box50
\colbreak@box=\box51
)
(/usr/share/texmf/tex/latex/misc/float.sty
Package: float 2001/11/08 v1.3d Float enhancements (AL)
\c@float@type=\count97
\float@exts=\toks15
\float@box=\box52
\@float@everytoks=\toks16
\@floatcapt=\box53
)
(/usr/share/texmf/tex/latex/base/textcomp.sty
Package: textcomp 2001/06/05 v1.94 Standard LaTeX package

(/usr/share/texmf/tex/latex/base/ts1enc.def
File: ts1enc.def 2001/06/05 v3.0e (jk/car/fm) Standard LaTeX file
))
(/usr/share/texmf/tex/latex/base/alltt.sty
Package: alltt 1997/06/16 v2.0g defines alltt environment
)
(/usr/share/texmf/tex/latex/psnfss/times.sty
Package: times 2002/09/08 PSNFSS-v9.0a (SPQR) 
)
(/usr/share/texmf/tex/latex/hyperref/hyperref.sty
Package: hyperref 2003/01/22 v6.73n Hypertext links for LaTeX
\@linkdim=\dimen114
\Hy@linkcounter=\count98
\Hy@pagecounter=\count99

(/usr/share/texmf/tex/latex/hyperref/pd1enc.def
File: pd1enc.def 2003/01/22 v6.73n Hyperref: PDFDocEncoding definition (HO)
)
(/usr/share/texmf/tex/latex/config/hyperref.cfg
File: hyperref.cfg 2002/06/06 v1.2 hyperref configuration of TeXLive and teTeX
)
Package hyperref Info: Option `colorlinks' set `true' on input line 1744.
Package hyperref Info: Hyper figures OFF on input line 1792.
Package hyperref Info: Link nesting OFF on input line 1797.
Package hyperref Info: Hyper index ON on input line 1800.
Package hyperref Info: Plain pages ON on input line 1805.
Package hyperref Info: Backreferencing ON on input line 1810.

Implicit mode ON; LaTeX internals redefined
Package hyperref Info: Bookmarks ON on input line 1916.
(/usr/share/texmf/tex/latex/hyperref/backref.sty
Package: backref 2002/06/09 v1.20 Bibliographical back referencing
)
(/usr/share/texmf/tex/latex/misc/url.sty
\Urlmuskip=\muskip10
Package: url 1999/03/28  ver 1.5x  Verb mode for urls, etc.
)
LaTeX Info: Redefining \url on input line 2055.
\Fld@menulength=\count100
\Field@Width=\dimen115
\Fld@charsize=\dimen116
\Choice@toks=\toks17
\Field@toks=\toks18
Package hyperref Info: Hyper figures OFF on input line 2513.
Package hyperref Info: Link nesting OFF on input line 2518.
Package hyperref Info: Hyper index ON on input line 2521.
Package hyperref Info: backreferencing ON on input line 2526.
Package hyperref Info: Link coloring ON on input line 2531.
\c@Item=\count101
\c@Hfootnote=\count102
)
*hyperref using driver hpdftex*
(/usr/share/texmf/tex/latex/hyperref/hpdftex.def
File: hpdftex.def 2003/01/22 v6.73n Hyperref driver for pdfTeX

(/usr/share/texmf/tex/latex/psnfss/pifont.sty
Package: pifont 2002/09/08 PSNFSS-v9.0a Pi font support (SPQR) 
LaTeX Font Info:    Try loading font information for U+pzd on input line 62.

(/usr/share/texmf/tex/latex/psnfss/upzd.fd
File: upzd.fd 2001/06/04 font definitions for U/pzd.
)
LaTeX Font Info:    Try loading font information for U+psy on input line 63.

(/usr/share/texmf/tex/latex/psnfss/upsy.fd
File: upsy.fd 2001/06/04 font definitions for U/psy.
))
\Fld@listcount=\count103
\@outlinefile=\write3
)
(/usr/share/texmf/tex/generic/german/ngerman.sty v2.5e 1998-07-08
Package: ngerman 1998/07/08 v2.5e Support for writing german texts (br)
\grmnU@D=\dimen117
)
(/usr/share/texmf/tex/latex/base/inputenc.sty
Package: inputenc 2001/07/10 v0.99a Input encoding file 

(/usr/share/texmf/tex/latex/base/latin1.def
File: latin1.def 2001/07/10 v0.99a Input encoding file 
)) (./doxygen.sty
Package: doxygen 

(/usr/share/texmf/tex/latex/tools/calc.sty
Package: calc 1998/07/07 v4.1b Infix arithmetic (KKT,FJ)
\calc@Acount=\count104
\calc@Bcount=\count105
\calc@Adimen=\dimen118
\calc@Bdimen=\dimen119
\calc@Askip=\skip45
\calc@Bskip=\skip46
LaTeX Info: Redefining \setlength on input line 59.
LaTeX Info: Redefining \addtolength on input line 60.
\calc@denominator=\count106
)
(/usr/share/texmf/tex/latex/tools/array.sty
Package: array 1998/05/13 v2.3m Tabular extension package (FMi)
\col@sep=\dimen120
\extrarowheight=\dimen121
\NC@list=\toks19
\extratabsurround=\skip47
\backup@length=\skip48
)
\tmplength=\skip49
)
(/usr/share/texmf/tex/latex/base/fontenc.sty
Package: fontenc 2001/06/05 v1.94 Standard LaTeX package

(/usr/share/texmf/tex/latex/base/t1enc.def
File: t1enc.def 2001/06/05 v1.94 Standard LaTeX file
LaTeX Font Info:    Redeclaring font encoding T1 on input line 38.
))
\@indexfile=\write4
\openout4 = `refman.idx'.


Writing index file refman.idx
(./refman.aux (./de/df2/classCAnimationImage.aux) (./d9/d8d/classCImage.aux)
(./da/d2a/classCList.aux) (./d3/d44/classCSurfaceChild.aux)
(./dd/d4e/classstd_1_1vector.aux) (./dd/d87/animation_8h.aux)
(./d7/d34/animationimage_8cc.aux) (./d1/d1f/animationimage_8h.aux)
(./dc/dea/documentation__mainsite_8h.aux) (./dd/df4/example__canimation_8cc.aux
) (./d7/d91/example__clist__1_8cc.aux) (./db/d4d/image_8cc.aux)
(./d5/db2/image_8h.aux) (./d2/da4/list_8cc.aux) (./da/d23/list_8h.aux)
(./dd/d19/surfacechild_8cc.aux) (./d6/d6d/surfacechild_8h.aux) (./todo.aux))
\openout1 = `refman.aux'.

LaTeX Font Info:    Checking defaults for OML/cmm/m/it on input line 32.
LaTeX Font Info:    ... okay on input line 32.
LaTeX Font Info:    Checking defaults for T1/cmr/m/n on input line 32.
LaTeX Font Info:    ... okay on input line 32.
LaTeX Font Info:    Checking defaults for OT1/cmr/m/n on input line 32.
LaTeX Font Info:    ... okay on input line 32.
LaTeX Font Info:    Checking defaults for OMS/cmsy/m/n on input line 32.
LaTeX Font Info:    ... okay on input line 32.
LaTeX Font Info:    Checking defaults for OMX/cmex/m/n on input line 32.
LaTeX Font Info:    ... okay on input line 32.
LaTeX Font Info:    Checking defaults for U/cmr/m/n on input line 32.
LaTeX Font Info:    ... okay on input line 32.
LaTeX Font Info:    Checking defaults for TS1/cmr/m/n on input line 32.
LaTeX Font Info:    Try loading font information for TS1+cmr on input line 32.

(/usr/share/texmf/tex/latex/base/ts1cmr.fd
File: ts1cmr.fd 1999/05/25 v2.5h Standard LaTeX font definitions
)
LaTeX Font Info:    ... okay on input line 32.
LaTeX Font Info:    Checking defaults for PD1/pdf/m/n on input line 32.
LaTeX Font Info:    ... okay on input line 32.
LaTeX Font Info:    Try loading font information for T1+ptm on input line 32.

(/usr/share/texmf/tex/latex/psnfss/t1ptm.fd
File: t1ptm.fd 2001/06/04 font definitions for T1/ptm.
)
(/usr/share/texmf/tex/context/base/supp-pdf.tex
(/usr/share/texmf/tex/context/base/supp-mis.tex
loading : Context Support Macros / Missing
\protectiondepth=\count107
\scratchcounter=\count108
\scratchtoks=\toks20
\scratchdimen=\dimen122
\scratchskip=\skip50
\scratchmuskip=\muskip11
\scratchbox=\box54
\scratchread=\read1
\scratchwrite=\write5
\zeropoint=\dimen123
\minusone=\count109
\thousandpoint=\dimen124
\emptytoks=\toks21
\nextbox=\box55
\nextdepth=\dimen125
\everyline=\toks22
\!!counta=\count110
\!!countb=\count111
\recursecounter=\count112
)
loading : Context Support Macros / PDF
\nofMPsegments=\count113
\nofMParguments=\count114
\everyMPtoPDFconversion=\toks23
) (/usr/share/texmf/tex/latex/graphics/color.sty
Package: color 1999/02/16 v1.0i Standard LaTeX Color (DPC)
LaTeX Info: Redefining \color on input line 71.

(/usr/share/texmf/tex/latex/config/color.cfg
File: color.cfg 2001/08/31 v1.1 color configuration of teTeX/TeXLive
)
Package color Info: Driver file: pdftex.def on input line 125.
)
Package hyperref Info: Link coloring ON on input line 32.

(/usr/share/texmf/tex/latex/hyperref/nameref.sty
Package: nameref 2001/01/27 v2.19 Cross-referencing by name of section
\c@section@level=\count115
)
LaTeX Info: Redefining \ref on input line 32.
LaTeX Info: Redefining \pageref on input line 32.
 (./refman.out) (./refman.out)
\openout3 = `refman.out'.

[1


{/usr/share/texmf/dvips/config/pdftex.map}] [2

]
LaTeX Font Info:    Font shape `T1/ptm/bx/n' in size <24.88> not available
(Font)              Font shape `T1/ptm/b/n' tried instead on input line 45.
 (./refman.toc
LaTeX Font Info:    Font shape `T1/ptm/bx/n' in size <10> not available
(Font)              Font shape `T1/ptm/b/n' tried instead on input line 1.
LaTeX Font Info:    External font `cmex10' loaded for size
(Font)              <7> on input line 2.
LaTeX Font Info:    External font `cmex10' loaded for size
(Font)              <5> on input line 2.

! pdfTeX warning (ext4): destination with the same identifier (name{page.1}) ha
s been already used, duplicate ignored
<to be read again> 
                   \penalty 
l.108 ...imation.h-Dateireferenz}{42}{section.9.2}
                                                   [1

])
\tf@toc=\write6
\openout6 = `refman.toc'.


! pdfTeX warning (ext4): destination with the same identifier (name{page.2}) ha
s been already used, duplicate ignored
<to be read again> 
                   \penalty 
l.46 \clearemptydoublepage
                          
LaTeX Font Info:    Font shape `T1/ptm/bx/n' in size <7> not available
(Font)              Font shape `T1/ptm/b/n' tried instead on input line 46.
 [2]
Kapitel 1.
LaTeX Font Info:    Font shape `T1/ptm/bx/n' in size <20.74> not available
(Font)              Font shape `T1/ptm/b/n' tried instead on input line 48.
(./index.tex
LaTeX Font Info:    Font shape `T1/ptm/bx/n' in size <14.4> not available
(Font)              Font shape `T1/ptm/b/n' tried instead on input line 1.

Underfull \hbox (badness 10000) in paragraph at lines 6--6

 []

)
! pdfTeX warning (ext4): destination with the same identifier (name{page.1}) ha
s been already used, duplicate ignored
<to be read again> 
                   \penalty 
l.50 \chapter
             {SDL Classes Verzeichnishierarchie} [1


]
! pdfTeX warning (ext4): destination with the same identifier (name{page.2}) ha
s been already used, duplicate ignored
<to be read again> 
                   \penalty 
l.50 \chapter
             {SDL Classes Verzeichnishierarchie} [2

]
Kapitel 2.
(./dirs.tex
Underfull \hbox (badness 10000) detected at line 3
[][]
 []

) [3] [4

]
Kapitel 3.
(./hierarchy.tex
Underfull \hbox (badness 10000) detected at line 3
[][]
 []


Underfull \hbox (badness 10000) detected at line 4
[][]
 []


Underfull \hbox (badness 10000) detected at line 6
[][]
 []


Underfull \hbox (badness 10000) detected at line 7
[][]
 []


Underfull \hbox (badness 10000) detected at line 9
[][]
 []


Underfull \hbox (badness 10000) detected at line 12
[][]
 []

) [5] [6

]
Kapitel 4.
(./annotated.tex
Underfull \hbox (badness 10000) detected at line 3
[][]
 []


Underfull \hbox (badness 10000) detected at line 4
[][]
 []


Underfull \hbox (badness 10000) detected at line 5
[][]
 []


Underfull \hbox (badness 10000) detected at line 6
[][]
 []


Underfull \hbox (badness 10000) detected at line 7
[][]
 []


Underfull \hbox (badness 10000) detected at line 8
[][]
 []

) [7] [8

]
Kapitel 5.
(./files.tex
Underfull \hbox (badness 10000) detected at line 3
[][]
 []


Underfull \hbox (badness 10000) detected at line 4
[][]
 []


Underfull \hbox (badness 10000) detected at line 5
[][]
 []


Underfull \hbox (badness 10000) detected at line 6
[][]
 []


Underfull \hbox (badness 10000) detected at line 7
[][]
 []


Underfull \hbox (badness 10000) detected at line 8
[][]
 []


Underfull \hbox (badness 10000) detected at line 9
[][]
 []


Underfull \hbox (badness 10000) detected at line 10
[][]
 []


Underfull \hbox (badness 10000) detected at line 11
[][]
 []


Underfull \hbox (badness 10000) detected at line 12
[][]
 []


Underfull \hbox (badness 10000) detected at line 13
[][]
 []


Underfull \hbox (badness 10000) detected at line 14
[][]
 []


Underfull \hbox (badness 10000) detected at line 15
[][]
 []

) [9] [10

]
Kapitel 6.
(./pages.tex
Underfull \hbox (badness 10000) detected at line 3
[][]
 []


Underfull \hbox (badness 10000) detected at line 5
[][]
 []

) [11] [12

]
Kapitel 7.
(./dir_000000.tex
LaTeX Font Info:    Font shape `T1/ptm/bx/n' in size <12> not available
(Font)              Font shape `T1/ptm/b/n' tried instead on input line 5.
LaTeX Font Info:    Try loading font information for TS1+ptm on input line 8.
 (/usr/share/texmf/tex/latex/psnfss/ts1ptm.fd
File: ts1ptm.fd 2001/06/04 font definitions for TS1/ptm.
)
Underfull \hbox (badness 10000) detected at line 9
[][]
 []


Underfull \hbox (badness 10000) detected at line 9
[][]
 []


Underfull \hbox (badness 10000) detected at line 13
[][]
 []


Underfull \hbox (badness 10000) detected at line 13
[][]
 []


Underfull \hbox (badness 10000) detected at line 17
[][]
 []


Underfull \hbox (badness 10000) detected at line 17
[][]
 []


Underfull \hbox (badness 10000) detected at line 21
[][]
 []


Underfull \hbox (badness 10000) detected at line 21
[][]
 []


Underfull \hbox (badness 10000) detected at line 27
[][]
 []


Underfull \hbox (badness 10000) detected at line 27
[][]
 []


Underfull \hbox (badness 10000) detected at line 31
[][]
 []


Underfull \hbox (badness 10000) detected at line 31
[][]
 []


Underfull \hbox (badness 10000) detected at line 37
[][]
 []


Underfull \hbox (badness 10000) detected at line 37
[][]
 []


Underfull \hbox (badness 10000) detected at line 41
[][]
 []


Underfull \hbox (badness 10000) detected at line 41
[][]
 []


Underfull \hbox (badness 10000) detected at line 45
[][]
 []

LaTeX Font Info:    Font shape `T1/ptm/bx/n' in size <9> not available
(Font)              Font shape `T1/ptm/b/n' tried instead on input line 45.

Underfull \hbox (badness 10000) detected at line 45
[][]
 []


Underfull \hbox (badness 10000) detected at line 51
[][]
 []


Underfull \hbox (badness 10000) detected at line 51
[][]
 []

[13]) [14]
Kapitel 8.
(./da/d99/classCAnimation.tex
LaTeX Font Info:    Try loading font information for T1+pcr on input line 8.
 (/usr/share/texmf/tex/latex/psnfss/t1pcr.fd
File: t1pcr.fd 2001/06/04 font definitions for T1/pcr.
)
<da/d99/classCAnimation.pdf, id=390, 501.875pt x 389.80632pt>
File: da/d99/classCAnimation.pdf Graphic file (type pdf)

<use da/d99/classCAnimation.pdf>
Underfull \hbox (badness 10000) detected at line 20
[][]
 []


Underfull \hbox (badness 10000) detected at line 20
[][]
 []


Underfull \hbox (badness 10000) detected at line 22
[][]
 []


Underfull \hbox (badness 10000) detected at line 22
[][]
 []


Underfull \hbox (badness 10000) detected at line 24
[][]
 []


Underfull \hbox (badness 10000) detected at line 24
[][]
 []


Underfull \hbox (badness 10000) detected at line 26
[][]
 []


Underfull \hbox (badness 10000) detected at line 26
[][]
 []


Underfull \hbox (badness 10000) detected at line 28
[][]
 []


Underfull \hbox (badness 10000) detected at line 28
[][]
 []


Underfull \hbox (badness 10000) detected at line 30
[][]
 []


Underfull \hbox (badness 10000) detected at line 30
[][]
 []


Underfull \hbox (badness 10000) detected at line 32
[][]
 []


Underfull \hbox (badness 10000) detected at line 32
[][]
 []

[15

 <./da/d99/classCAnimation.pdf>]
Underfull \hbox (badness 10000) detected at line 34
[][]
 []


Underfull \hbox (badness 10000) detected at line 34
[][]
 []


Underfull \hbox (badness 10000) detected at line 36
[][]
 []


Underfull \hbox (badness 10000) detected at line 36
[][]
 []


Underfull \hbox (badness 10000) detected at line 38
[][]
 []


Underfull \hbox (badness 10000) detected at line 38
[][]
 []


Underfull \hbox (badness 10000) detected at line 40
[][]
 []


Underfull \hbox (badness 10000) detected at line 40
[][]
 []


Underfull \hbox (badness 10000) detected at line 42
[][]
 []


Underfull \hbox (badness 10000) detected at line 42
[][]
 []


Underfull \hbox (badness 10000) detected at line 44
[][]
 []


Underfull \hbox (badness 10000) detected at line 44
[][]
 []


Underfull \hbox (badness 10000) detected at line 46
[][]
 []


Underfull \hbox (badness 10000) detected at line 46
[][]
 []


Underfull \hbox (badness 10000) detected at line 48
[][]
 []


Underfull \hbox (badness 10000) detected at line 48
[][]
 []


Underfull \hbox (badness 10000) detected at line 50
[][]
 []


Underfull \hbox (badness 10000) detected at line 50
[][]
 []


Underfull \hbox (badness 10000) detected at line 52
[][]
 []


Underfull \hbox (badness 10000) detected at line 52
[][]
 []


Underfull \hbox (badness 10000) detected at line 54
[][]
 []


Underfull \hbox (badness 10000) detected at line 54
[][]
 []


Underfull \hbox (badness 10000) detected at line 56
[][]
 []


Underfull \hbox (badness 10000) detected at line 56
[][]
 []


Underfull \hbox (badness 10000) detected at line 58
[][]
 []


Underfull \hbox (badness 10000) detected at line 58
[][]
 []


Underfull \hbox (badness 10000) detected at line 60
[][]
 []


Underfull \hbox (badness 10000) detected at line 60
[][]
 []


Underfull \hbox (badness 10000) detected at line 65
[][]
 []


Underfull \hbox (badness 10000) detected at line 65
[][]
 []


Underfull \hbox (badness 10000) detected at line 67
[][]
 []


Underfull \hbox (badness 10000) detected at line 67
[][]
 []

[16]
Underfull \hbox (badness 10000) detected at line 69
[][]
 []


Underfull \hbox (badness 10000) detected at line 69
[][]
 []


Underfull \hbox (badness 10000) detected at line 71
[][]
 []


Underfull \hbox (badness 10000) detected at line 71
[][]
 []


Underfull \hbox (badness 10000) detected at line 73
[][]
 []


Underfull \hbox (badness 10000) detected at line 73
[][]
 []


Underfull \hbox (badness 10000) detected at line 75
[][]
 []


Underfull \hbox (badness 10000) detected at line 75
[][]
 []


Underfull \hbox (badness 10000) detected at line 77
[][]
 []


Underfull \hbox (badness 10000) detected at line 77
[][]
 []


Underfull \hbox (badness 10000) detected at line 79
[][]
 []


Underfull \hbox (badness 10000) detected at line 79
[][]
 []


Underfull \hbox (badness 10000) in paragraph at lines 88--88

 []


Underfull \hbox (badness 10000) in paragraph at lines 98--98

 []


Underfull \hbox (badness 10000) in paragraph at lines 100--100

 []


Underfull \hbox (badness 10000) in paragraph at lines 102--102

 []

LaTeX Font Info:    Font shape `T1/ptm/bx/it' in size <10> not available
(Font)              Font shape `T1/ptm/b/it' tried instead on input line 113.
[17]
Underfull \hbox (badness 10000) in paragraph at lines 147--147

 []


Underfull \hbox (badness 10000) in paragraph at lines 164--164

 []

[18]
Underfull \hbox (badness 10000) in paragraph at lines 194--194

 []


Underfull \hbox (badness 10000) in paragraph at lines 209--209

 []


Underfull \hbox (badness 10000) in paragraph at lines 226--226

 []


Underfull \hbox (badness 10000) in paragraph at lines 228--228

 []


Underfull \hbox (badness 10000) in paragraph at lines 243--243

 []

[19]
Underfull \hbox (badness 10000) in paragraph at lines 258--258

 []


Underfull \hbox (badness 10000) in paragraph at lines 273--273

 []


Underfull \hbox (badness 10000) in paragraph at lines 275--275

 []


Underfull \hbox (badness 10000) in paragraph at lines 290--290

 []


Underfull \hbox (badness 10000) in paragraph at lines 305--305

 []


Underfull \hbox (badness 10000) in paragraph at lines 318--318

 []


Underfull \hbox (badness 10000) in paragraph at lines 323--323

 []

[20]
Underfull \hbox (badness 10000) in paragraph at lines 325--325

 []


Underfull \hbox (badness 10000) in paragraph at lines 342--342

 []


Underfull \hbox (badness 10000) in paragraph at lines 359--359

 []


Underfull \hbox (badness 10000) in paragraph at lines 364--364

 []


Underfull \hbox (badness 10000) in paragraph at lines 366--366

 []

[21]
Underfull \hbox (badness 10000) in paragraph at lines 381--381

 []


Underfull \hbox (badness 10000) in paragraph at lines 386--386

 []


Underfull \hbox (badness 10000) in paragraph at lines 401--401

 []


Underfull \hbox (badness 10000) in paragraph at lines 403--403

 []


Underfull \hbox (badness 10000) in paragraph at lines 420--420

 []


Underfull \hbox (badness 10000) in paragraph at lines 425--425

 []


Underfull \hbox (badness 10000) in paragraph at lines 427--427

 []


Underfull \hbox (badness 10000) in paragraph at lines 442--442

 []

[22]
Underfull \hbox (badness 10000) in paragraph at lines 459--459

 []


Underfull \hbox (badness 10000) in paragraph at lines 479--479

 []

[23]) [24]
\openout2 = `de/df2/classCAnimationImage.aux'.

 (./de/df2/classCAnimationImage.tex
<de/df2/classCAnimationImage.pdf, id=587, 501.875pt x 514.74309pt>
File: de/df2/classCAnimationImage.pdf Graphic file (type pdf)

<use de/df2/classCAnimationImage.pdf>
Underfull \hbox (badness 10000) detected at line 20
[][]
 []


Underfull \hbox (badness 10000) detected at line 20
[][]
 []


Underfull \hbox (badness 10000) detected at line 22
[][]
 []


Underfull \hbox (badness 10000) detected at line 22
[][]
 []


Underfull \hbox (badness 10000) detected at line 24
[][]
 []


Underfull \hbox (badness 10000) detected at line 24
[][]
 []


Underfull \hbox (badness 10000) detected at line 26
[][]
 []


Underfull \hbox (badness 10000) detected at line 26
[][]
 []


Underfull \hbox (badness 10000) detected at line 28
[][]
 []


Underfull \hbox (badness 10000) detected at line 28
[][]
 []


Underfull \hbox (badness 10000) detected at line 30
[][]
 []


Underfull \hbox (badness 10000) detected at line 30
[][]
 []


Underfull \hbox (badness 10000) detected at line 35
[][]
 []


Underfull \hbox (badness 10000) detected at line 35
[][]
 []


Underfull \hbox (badness 10000) detected at line 37
[][]
 []


Underfull \hbox (badness 10000) detected at line 37
[][]
 []

[25

 <./de/df2/classCAnimationImage.pdf>]
Underfull \hbox (badness 10000) in paragraph at lines 46--46

 []


Underfull \hbox (badness 10000) in paragraph at lines 48--48

 []


Underfull \hbox (badness 10000) in paragraph at lines 50--50

 []


Underfull \hbox (badness 10000) in paragraph at lines 93--93

 []


Underfull \hbox (badness 10000) in paragraph at lines 106--106

 []


Underfull \hbox (badness 10000) in paragraph at lines 108--108

 []

[26]
Underfull \hbox (badness 10000) in paragraph at lines 121--121

 []


Underfull \hbox (badness 10000) in paragraph at lines 141--141

 []


Underfull \hbox (badness 10000) in paragraph at lines 146--146

 []

) [27]
\openout2 = `d9/d8d/classCImage.aux'.

 (./d9/d8d/classCImage.tex
<d9/d8d/classCImage.pdf, id=657, 501.875pt x 514.74309pt>
File: d9/d8d/classCImage.pdf Graphic file (type pdf)

<use d9/d8d/classCImage.pdf>
Underfull \hbox (badness 10000) detected at line 20
[][]
 []


Underfull \hbox (badness 10000) detected at line 20
[][]
 []


Underfull \hbox (badness 10000) detected at line 22
[][]
 []


Underfull \hbox (badness 10000) detected at line 22
[][]
 []


Underfull \hbox (badness 10000) detected at line 24
[][]
 []


Underfull \hbox (badness 10000) detected at line 24
[][]
 []


Underfull \hbox (badness 10000) detected at line 26
[][]
 []


Underfull \hbox (badness 10000) detected at line 26
[][]
 []


Underfull \hbox (badness 10000) detected at line 28
[][]
 []


Underfull \hbox (badness 10000) detected at line 28
[][]
 []


Underfull \hbox (badness 10000) detected at line 30
[][]
 []


Underfull \hbox (badness 10000) detected at line 30
[][]
 []


Underfull \hbox (badness 10000) detected at line 32
[][]
 []


Underfull \hbox (badness 10000) detected at line 32
[][]
 []


Underfull \hbox (badness 10000) detected at line 34
[][]
 []


Underfull \hbox (badness 10000) detected at line 34
[][]
 []


Underfull \hbox (badness 10000) detected at line 36
[][]
 []


Underfull \hbox (badness 10000) detected at line 36
[][]
 []


Underfull \hbox (badness 10000) detected at line 38
[][]
 []


Underfull \hbox (badness 10000) detected at line 38
[][]
 []


Underfull \hbox (badness 10000) detected at line 40
[][]
 []


Underfull \hbox (badness 10000) detected at line 40
[][]
 []

[28


 <./d9/d8d/classCImage.pdf>]
Underfull \hbox (badness 10000) detected at line 45
[][]
 []


Underfull \hbox (badness 10000) detected at line 45
[][]
 []


Underfull \hbox (badness 10000) detected at line 47
[][]
 []


Underfull \hbox (badness 10000) detected at line 47
[][]
 []


Underfull \hbox (badness 10000) detected at line 49
[][]
 []


Underfull \hbox (badness 10000) detected at line 49
[][]
 []


Underfull \hbox (badness 10000) in paragraph at lines 58--58

 []


Underfull \hbox (badness 10000) in paragraph at lines 60--60

 []


Underfull \hbox (badness 10000) in paragraph at lines 62--62

 []


Underfull \hbox (badness 10000) in paragraph at lines 82--82

 []


Underfull \hbox (badness 10000) in paragraph at lines 87--87

 []

[29]
Underfull \hbox (badness 10000) in paragraph at lines 116--116

 []


Underfull \hbox (badness 10000) in paragraph at lines 133--133

 []


Underfull \hbox (badness 10000) in paragraph at lines 158--158

 []


Underfull \hbox (badness 10000) in paragraph at lines 171--171

 []

[30]
Underfull \hbox (badness 10000) in paragraph at lines 188--188

 []


Underfull \hbox (badness 10000) in paragraph at lines 193--193

 []


Underfull \hbox (badness 10000) in paragraph at lines 208--208

 []


Underfull \hbox (badness 10000) in paragraph at lines 213--213

 []


Underfull \hbox (badness 10000) in paragraph at lines 228--228

 []


Underfull \hbox (badness 10000) in paragraph at lines 233--233

 []

[31]
Underfull \hbox (badness 10000) in paragraph at lines 248--248

 []


Underfull \hbox (badness 10000) in paragraph at lines 253--253

 []


Underfull \hbox (badness 10000) in paragraph at lines 268--268

 []


Underfull \hbox (badness 10000) in paragraph at lines 273--273

 []

[32]) [33]
\openout2 = `da/d2a/classCList.aux'.

 (./da/d2a/classCList.tex
LaTeX Font Info:    External font `cmex10' loaded for size
(Font)              <14.4> on input line 4.


Package hyperref Warning: Token not allowed in a PDFDocEncoded string,
(hyperref)                removing `math shift' on input line 4.


Package hyperref Warning: Token not allowed in a PDFDocEncoded string,
(hyperref)                removing `math shift' on input line 4.


Package hyperref Warning: Token not allowed in a PDFDocEncoded string,
(hyperref)                removing `math shift' on input line 4.


Package hyperref Warning: Token not allowed in a PDFDocEncoded string,
(hyperref)                removing `math shift' on input line 4.


Underfull \hbox (badness 10000) detected at line 11
[][]
 []


Underfull \hbox (badness 10000) detected at line 11
[][]
 []


Underfull \hbox (badness 10000) detected at line 13
[][]
 []


Underfull \hbox (badness 10000) detected at line 13
[][]
 []


Underfull \hbox (badness 10000) detected at line 15
[][]
 []


Underfull \hbox (badness 10000) detected at line 15
[][]
 []


Underfull \hbox (badness 10000) in paragraph at lines 24--24

 []


Underfull \hbox (badness 10000) in paragraph at lines 26--26

 []


Underfull \hbox (badness 10000) in paragraph at lines 28--28

 []


Underfull \hbox (badness 10000) in paragraph at lines 30--30

 []


Underfull \hbox (badness 10000) in paragraph at lines 48--48

 []

[34


]
Underfull \hbox (badness 10000) in paragraph at lines 77--77

 []


Underfull \hbox (badness 3088) in paragraph at lines 82--83
[]/ptmr8t/Wird be-nutzt von CAnimation::Calculate-Current-Frame(), CAnimation::
Calculate-Full-Playtime() und
 []

) [35]
\openout2 = `d3/d44/classCSurfaceChild.aux'.

 (./d3/d44/classCSurfaceChild.tex
<d3/d44/classCSurfaceChild.pdf, id=805, 501.875pt x 257.37154pt>
File: d3/d44/classCSurfaceChild.pdf Graphic file (type pdf)

<use d3/d44/classCSurfaceChild.pdf>
Underfull \hbox (badness 10000) detected at line 20
[][]
 []


Underfull \hbox (badness 10000) detected at line 20
[][]
 []


Underfull \hbox (badness 10000) detected at line 22
[][]
 []


Underfull \hbox (badness 10000) detected at line 22
[][]
 []


Underfull \hbox (badness 10000) detected at line 24
[][]
 []


Underfull \hbox (badness 10000) detected at line 24
[][]
 []


Underfull \hbox (badness 10000) detected at line 26
[][]
 []


Underfull \hbox (badness 10000) detected at line 26
[][]
 []


Underfull \hbox (badness 10000) detected at line 28
[][]
 []


Underfull \hbox (badness 10000) detected at line 28
[][]
 []


Underfull \hbox (badness 10000) detected at line 30
[][]
 []


Underfull \hbox (badness 10000) detected at line 30
[][]
 []


Underfull \hbox (badness 10000) detected at line 32
[][]
 []


Underfull \hbox (badness 10000) detected at line 32
[][]
 []


Underfull \hbox (badness 10000) detected at line 37
[][]
 []


Underfull \hbox (badness 10000) detected at line 37
[][]
 []


Underfull \hbox (badness 10000) detected at line 39
[][]
 []


Underfull \hbox (badness 10000) detected at line 39
[][]
 []


Underfull \hbox (badness 10000) detected at line 41
[][]
 []


Underfull \hbox (badness 10000) detected at line 41
[][]
 []

[36


 <./d3/d44/classCSurfaceChild.pdf>]
Underfull \hbox (badness 10000) in paragraph at lines 50--50

 []


Underfull \hbox (badness 10000) in paragraph at lines 52--52

 []


Underfull \hbox (badness 10000) in paragraph at lines 54--54

 []


Underfull \hbox (badness 10000) in paragraph at lines 72--72

 []


Underfull \hbox (badness 10000) in paragraph at lines 104--104

 []

[37]
Underfull \hbox (badness 10000) in paragraph at lines 119--119

 []


Underfull \hbox (badness 10000) in paragraph at lines 121--121

 []


Underfull \hbox (badness 10000) in paragraph at lines 136--136

 []


Underfull \hbox (badness 10000) in paragraph at lines 138--138

 []


Underfull \hbox (badness 10000) in paragraph at lines 153--153

 []


Underfull \hbox (badness 10000) in paragraph at lines 170--170

 []


Underfull \hbox (badness 10000) in paragraph at lines 175--175

 []

[38]) [39]
\openout2 = `dd/d4e/classstd_1_1vector.aux'.

 (./dd/d4e/classstd_1_1vector.tex) [40


]
Kapitel 9.
(./db/de0/animation_8cc.tex
Underfull \hbox (badness 10000) in paragraph at lines 15--15

 []


Underfull \hbox (badness 10000) in paragraph at lines 17--17

 []

) [41


]
\openout2 = `dd/d87/animation_8h.aux'.

 (./dd/d87/animation_8h.tex
Underfull \hbox (badness 10000) detected at line 16
[][]
 []


Underfull \hbox (badness 10000) detected at line 16
[][]
 []


Underfull \hbox (badness 10000) in paragraph at lines 25--25

 []

) [42

]
\openout2 = `d7/d34/animationimage_8cc.aux'.

 (./d7/d34/animationimage_8cc.tex
Underfull \hbox (badness 10000) in paragraph at lines 14--14

 []


Underfull \hbox (badness 10000) in paragraph at lines 16--16

 []

) [43


]
\openout2 = `d1/d1f/animationimage_8h.aux'.

 (./d1/d1f/animationimage_8h.tex
Underfull \hbox (badness 10000) detected at line 13
[][]
 []


Underfull \hbox (badness 10000) detected at line 13
[][]
 []


Underfull \hbox (badness 10000) in paragraph at lines 22--22

 []

) [44


]
\openout2 = `dc/dea/documentation__mainsite_8h.aux'.

 (./dc/dea/documentation__mainsite_8h.tex) [45


]
\openout2 = `dd/df4/example__canimation_8cc.aux'.


(./dd/df4/example__canimation_8cc.tex
Underfull \hbox (badness 10000) in paragraph at lines 24--24

 []


Underfull \hbox (badness 10000) in paragraph at lines 26--26

 []


Underfull \hbox (badness 10000) in paragraph at lines 28--28

 []

)
Underfull \hbox (badness 10000) in paragraph at lines 45--75
/ptmr8t/CImage::Load-From-File(), CAnimation::Set-Animationspeed(), CAnimation-
Image::Set-Delay-Time(),
 []

[46


]
\openout2 = `d7/d91/example__clist__1_8cc.aux'.

 (./d7/d91/example__clist__1_8cc.tex
Underfull \hbox (badness 10000) in paragraph at lines 23--23

 []


Underfull \hbox (badness 10000) in paragraph at lines 25--25

 []


Underfull \hbox (badness 10000) in paragraph at lines 27--27

 []

) [47


]
\openout2 = `db/d4d/image_8cc.aux'.

 (./db/d4d/image_8cc.tex) [48


]
\openout2 = `d5/db2/image_8h.aux'.

 (./d5/db2/image_8h.tex
Underfull \hbox (badness 10000) detected at line 14
[][]
 []


Underfull \hbox (badness 10000) detected at line 14
[][]
 []


Underfull \hbox (badness 10000) in paragraph at lines 23--23

 []

) [49


]
\openout2 = `d2/da4/list_8cc.aux'.

 (./d2/da4/list_8cc.tex
Underfull \hbox (badness 10000) in paragraph at lines 16--16

 []

) [50


]
\openout2 = `da/d23/list_8h.aux'.

 (./da/d23/list_8h.tex
Underfull \hbox (badness 10000) in paragraph at lines 21--21

 []

) [51


]
\openout2 = `dd/d19/surfacechild_8cc.aux'.

 (./dd/d19/surfacechild_8cc.tex) [52


]
\openout2 = `d6/d6d/surfacechild_8h.aux'.

 (./d6/d6d/surfacechild_8h.tex
Underfull \hbox (badness 10000) detected at line 13
[][]
 []


Underfull \hbox (badness 10000) detected at line 13
[][]
 []


Underfull \hbox (badness 10000) in paragraph at lines 20--20

 []

) [53


] [54


]
Kapitel 10.
(./CAnimationUsage.tex
Underfull \hbox (badness 10000) in paragraph at lines 5--5

 []

) [55]
\openout2 = `todo.aux'.

 (./todo.tex
Underfull \hbox (badness 1226) in paragraph at lines 29--29
[]/ptmr8t/Muss noch im-ple-men-tiert wer-den. Ich weiÿ
 []

) [56

] (./refman.ind [57


] [58] [59

]) (./refman.aux
(./de/df2/classCAnimationImage.aux) (./d9/d8d/classCImage.aux)
(./da/d2a/classCList.aux) (./d3/d44/classCSurfaceChild.aux)
(./dd/d4e/classstd_1_1vector.aux) (./dd/d87/animation_8h.aux)
(./d7/d34/animationimage_8cc.aux) (./d1/d1f/animationimage_8h.aux)
(./dc/dea/documentation__mainsite_8h.aux) (./dd/df4/example__canimation_8cc.aux
) (./d7/d91/example__clist__1_8cc.aux) (./db/d4d/image_8cc.aux)
(./d5/db2/image_8h.aux) (./d2/da4/list_8cc.aux) (./da/d23/list_8h.aux)
(./dd/d19/surfacechild_8cc.aux) (./d6/d6d/surfacechild_8h.aux) (./todo.aux)) ) 
Here is how much of TeX's memory you used:
 4503 strings out of 95437
 63050 string characters out of 1190234
 115666 words of memory out of 1000001
 6935 multiletter control sequences out of 10000+50000
 49201 words of font info for 53 fonts, out of 500000 for 1000
 14 hyphenation exceptions out of 1000
 31i,12n,43p,540b,594s stack positions out of 1500i,500n,5000p,200000b,5000s
 1189 PDF objects out of 300000
 322 named destinations out of 131072
 309 words of extra memory for PDF output out of 65536

! pdfTeX warning (dest): name{surfacechild_8h-source} has been referenced but d
oes not exist, replaced by a fixed one

! pdfTeX warning (dest): name{list_8h-source} has been referenced but does not 
exist, replaced by a fixed one

! pdfTeX warning (dest): name{list_8cc-source} has been referenced but does not
 exist, replaced by a fixed one

! pdfTeX warning (dest): name{image_8h-source} has been referenced but does not
 exist, replaced by a fixed one

! pdfTeX warning (dest): name{example__clist__1_8cc-source} has been referenced
 but does not exist, replaced by a fixed one

! pdfTeX warning (dest): name{example__canimation_8cc-source} has been referenc
ed but does not exist, replaced by a fixed one

! pdfTeX warning (dest): name{animationimage_8h-source} has been referenced but
 does not exist, replaced by a fixed one

! pdfTeX warning (dest): name{animationimage_8cc-source} has been referenced bu
t does not exist, replaced by a fixed one

! pdfTeX warning (dest): name{animation_8h-source} has been referenced but does
 not exist, replaced by a fixed one

! pdfTeX warning (dest): name{animation_8cc-source} has been referenced but doe
s not exist, replaced by a fixed one

{/usr/share/texmf/dvips/tetex/aae443f0.enc}</usr/share/texmf/fonts/type1/bluesk
y/cm/cmmi12.pfb>{/usr/share/texmf/dvips/psnfss/8r.enc}{/usr/share/texmf/dvips/t
etex/bbad153f.enc}</usr/share/texmf/fonts/type1/bluesky/cm/cmsy10.pfb></usr/sha
re/texmf/fonts/type1/bluesky/cm/cmmi10.pfb>
Output written on refman.pdf (63 pages, 266774 bytes).
